<?xml version="1.0" encoding="UTF-8"?>
<!-- Generated by org.testng.reporters.JUnitXMLReporter -->
<testsuite ignored="0" hostname="AMALITECH-PC-10186" failures="0" tests="3" name="Hybrid Test" time="203.053" errors="0" timestamp="2023-12-05T14:05:12 GMT">
  <testcase classname="org.javaTut.HybridApp" name="checkBox" time="76.266"/>
  <testcase classname="org.javaTut.HybridApp" name="checkBox" time="56.174"/>
  <testcase classname="org.javaTut.HybridApp" name="checkBox" time="57.92"/>
</testsuite> <!-- Hybrid Test -->
