<?xml version="1.0" encoding="UTF-8"?>
<testng-results ignored="0" total="1" passed="1" failed="0" skipped="0">
  <reporter-output>
  </reporter-output>
  <suite started-at="2023-12-06T11:31:44 GMT" name="Default suite" finished-at="2023-12-06T11:32:00 GMT" duration-ms="16163">
    <groups>
    </groups>
    <test started-at="2023-12-06T11:31:44 GMT" name="Default test" finished-at="2023-12-06T11:32:00 GMT" duration-ms="16163">
      <class name="org.javaTut.ExtentReport.ExtentReportDemo">
        <test-method is-config="true" signature="config()[pri:0, instance:org.javaTut.ExtentReport.ExtentReportDemo@2c1b194a]" started-at="2023-12-06T11:31:44 GMT" name="config" finished-at="2023-12-06T11:31:44 GMT" duration-ms="441" status="PASS">
          <reporter-output>
          </reporter-output>
        </test-method> <!-- config -->
        <test-method signature="initialDemo()[pri:0, instance:org.javaTut.ExtentReport.ExtentReportDemo@2c1b194a]" started-at="2023-12-06T11:31:44 GMT" name="initialDemo" finished-at="2023-12-06T11:32:00 GMT" duration-ms="15654" status="PASS">
          <reporter-output>
          </reporter-output>
        </test-method> <!-- initialDemo -->
      </class> <!-- org.javaTut.ExtentReport.ExtentReportDemo -->
    </test> <!-- Default test -->
  </suite> <!-- Default suite -->
</testng-results>
