<?xml version="1.0" encoding="UTF-8"?>
<testng-results ignored="0" total="1" passed="1" failed="0" skipped="0">
  <reporter-output>
  </reporter-output>
  <suite started-at="2023-11-24T13:18:15 GMT" name="Default suite" finished-at="2023-11-24T13:18:43 GMT" duration-ms="28528">
    <groups>
    </groups>
    <test started-at="2023-11-24T13:18:15 GMT" name="Default test" finished-at="2023-11-24T13:18:43 GMT" duration-ms="28528">
      <class name="GStore.MobileBrowserTest">
        <test-method is-config="true" signature="ConfigureAppium()[pri:0, instance:GStore.MobileBrowserTest@67f639d3]" started-at="2023-11-24T13:18:15 GMT" name="ConfigureAppium" finished-at="2023-11-24T13:18:38 GMT" duration-ms="22594" status="PASS">
          <reporter-output>
          </reporter-output>
        </test-method> <!-- ConfigureAppium -->
        <test-method signature="browserTest()[pri:0, instance:GStore.MobileBrowserTest@67f639d3]" started-at="2023-11-24T13:18:38 GMT" name="browserTest" finished-at="2023-11-24T13:18:43 GMT" duration-ms="5193" status="PASS">
          <reporter-output>
          </reporter-output>
        </test-method> <!-- browserTest -->
        <test-method is-config="true" signature="tearDown()[pri:0, instance:GStore.MobileBrowserTest@67f639d3]" started-at="2023-11-24T13:18:43 GMT" name="tearDown" finished-at="2023-11-24T13:18:43 GMT" duration-ms="645" status="PASS">
          <reporter-output>
          </reporter-output>
        </test-method> <!-- tearDown -->
      </class> <!-- GStore.MobileBrowserTest -->
    </test> <!-- Default test -->
  </suite> <!-- Default suite -->
</testng-results>
